The system is: Windows - 10.0.19043 - AMD64
Compiling the C compiler identification source file "CMakeCCompilerId.c" succeeded.
Compiler: D:/Visual Studio/VC/Tools/MSVC/14.26.28801/bin/HostX64/x64/cl.exe 
Build flags: 
Id flags:  

The output was:
0
Microsoft (R) C/C++ Optimizing Compiler Version 19.26.28806 for x64
Copyright (C) Microsoft Corporation.  All rights reserved.

CMakeCCompilerId.c
Microsoft (R) Incremental Linker Version 14.26.28806.0
Copyright (C) Microsoft Corporation.  All rights reserved.

/out:CMakeCCompilerId.exe 
CMakeCCompilerId.obj 


Compilation of the C compiler identification source "CMakeCCompilerId.c" produced "CMakeCCompilerId.exe"

Compilation of the C compiler identification source "CMakeCCompilerId.c" produced "CMakeCCompilerId.obj"

The C compiler identification is MSVC, found in "E:/Beginner-graphics/learngl/Dependencies/GLM/glm/out/build/x64-Debug (default)/CMakeFiles/3.17.20032601-MSVC_2/CompilerIdC/CMakeCCompilerId.exe"

Compiling the CXX compiler identification source file "CMakeCXXCompilerId.cpp" succeeded.
Compiler: D:/Visual Studio/VC/Tools/MSVC/14.26.28801/bin/HostX64/x64/cl.exe 
Build flags: 
Id flags:  

The output was:
0
Microsoft (R) C/C++ Optimizing Compiler Version 19.26.28806 for x64
Copyright (C) Microsoft Corporation.  All rights reserved.

CMakeCXXCompilerId.cpp
Microsoft (R) Incremental Linker Version 14.26.28806.0
Copyright (C) Microsoft Corporation.  All rights reserved.

/out:CMakeCXXCompilerId.exe 
CMakeCXXCompilerId.obj 


Compilation of the CXX compiler identification source "CMakeCXXCompilerId.cpp" produced "CMakeCXXCompilerId.exe"

Compilation of the CXX compiler identification source "CMakeCXXCompilerId.cpp" produced "CMakeCXXCompilerId.obj"

The CXX compiler identification is MSVC, found in "E:/Beginner-graphics/learngl/Dependencies/GLM/glm/out/build/x64-Debug (default)/CMakeFiles/3.17.20032601-MSVC_2/CompilerIdCXX/CMakeCXXCompilerId.exe"

Determining if the C compiler works passed with the following output:
Change Dir: E:/Beginner-graphics/learngl/Dependencies/GLM/glm/out/build/x64-Debug (default)/CMakeFiles/CMakeTmp

Run Build Command(s):D:/Visual Studio/Common7/IDE/CommonExtensions/Microsoft/CMake/Ninja/ninja.exe cmTC_4c60f && [1/2] Building C object CMakeFiles\cmTC_4c60f.dir\testCCompiler.c.obj
[2/2] Linking C executable cmTC_4c60f.exe



Detecting C compiler ABI info compiled with the following output:
Change Dir: E:/Beginner-graphics/learngl/Dependencies/GLM/glm/out/build/x64-Debug (default)/CMakeFiles/CMakeTmp

Run Build Command(s):D:/Visual Studio/Common7/IDE/CommonExtensions/Microsoft/CMake/Ninja/ninja.exe cmTC_627bd && [1/2] Building C object CMakeFiles\cmTC_627bd.dir\CMakeCCompilerABI.c.obj
[2/2] Linking C executable cmTC_627bd.exe



Determining if the CXX compiler works passed with the following output:
Change Dir: E:/Beginner-graphics/learngl/Dependencies/GLM/glm/out/build/x64-Debug (default)/CMakeFiles/CMakeTmp

Run Build Command(s):D:/Visual Studio/Common7/IDE/CommonExtensions/Microsoft/CMake/Ninja/ninja.exe cmTC_d44f0 && [1/2] Building CXX object CMakeFiles\cmTC_d44f0.dir\testCXXCompiler.cxx.obj
[2/2] Linking CXX executable cmTC_d44f0.exe



Detecting CXX compiler ABI info compiled with the following output:
Change Dir: E:/Beginner-graphics/learngl/Dependencies/GLM/glm/out/build/x64-Debug (default)/CMakeFiles/CMakeTmp

Run Build Command(s):D:/Visual Studio/Common7/IDE/CommonExtensions/Microsoft/CMake/Ninja/ninja.exe cmTC_ad15f && [1/2] Building CXX object CMakeFiles\cmTC_ad15f.dir\CMakeCXXCompilerABI.cpp.obj
[2/2] Linking CXX executable cmTC_ad15f.exe



